<?xml version="1.0" encoding="UTF-8"?>
<!-- Generated by org.testng.reporters.JUnitReportReporter -->
<testsuite hostname="Ideas2IT" failures="0" tests="1" name="com.pos.testcases.EditVendor" time="18.034" errors="0" timestamp="2023-10-06T20:11:56 IST" skipped="0">
  <testcase classname="com.pos.testcases.EditVendor" name="runLogin" time="18.034"/>
  <system-out/>
</testsuite> <!-- com.pos.testcases.EditVendor -->
