<?xml version="1.0" encoding="UTF-8"?>
<!-- Generated by org.testng.reporters.JUnitReportReporter -->
<testsuite hostname="Ideas2IT" failures="0" tests="1" name="com.pos.testcases.CreateNewVendor" time="22.761" errors="0" timestamp="2023-10-06T19:04:49 IST" skipped="0">
  <testcase classname="com.pos.testcases.CreateNewVendor" name="runLogin" time="22.761"/>
  <system-out/>
</testsuite> <!-- com.pos.testcases.CreateNewVendor -->
